# JRE version: Java(TM) SE Runtime Environment (8.0_291-b10) (build 1.8.0_291-b10)
# Java VM: Java HotSpot(TM) 64-Bit Server VM (25.291-b10 mixed mode windows-amd64 compressed oops)
Heap:
 PSYoungGen      total 320000K, used 115135K [0x00000000eb600000, 0x00000000fff80000, 0x0000000100000000)
  eden space 302592K, 38% used [0x00000000eb600000,0x00000000f266feb8,0x00000000fdd80000)
  from space 17408K, 0% used [0x00000000fee80000,0x00000000fee80000,0x00000000fff80000)
  to   space 17408K, 0% used [0x00000000fdd80000,0x00000000fdd80000,0x00000000fee80000)
 ParOldGen       total 56832K, used 18180K [0x00000000c2200000, 0x00000000c5980000, 0x00000000eb600000)
  object space 56832K, 31% used [0x00000000c2200000,0x00000000c33c1128,0x00000000c5980000)
 Metaspace       used 62412K, capacity 66412K, committed 66520K, reserved 1105920K
  class space    used 8505K, capacity 9194K, committed 9216K, reserved 1048576K
GC Heap History (10 events):
Event: 11.522 GC heap before
{Heap before GC invocations=16 (full 3):
 PSYoungGen      total 286720K, used 3415K [0x00000000eb600000, 0x0000000100000000, 0x0000000100000000)
  eden space 268800K, 0% used [0x00000000eb600000,0x00000000eb600000,0x00000000fbc80000)
  from space 17920K, 19% used [0x00000000fbc80000,0x00000000fbfd5d18,0x00000000fce00000)
  to   space 17408K, 0% used [0x00000000fef00000,0x00000000fef00000,0x0000000100000000)
 ParOldGen       total 39936K, used 28873K [0x00000000c2200000, 0x00000000c4900000, 0x00000000eb600000)
  object space 39936K, 72% used [0x00000000c2200000,0x00000000c3e32680,0x00000000c4900000)
 Metaspace       used 55222K, capacity 58904K, committed 59028K, reserved 1099776K
  class space    used 7604K, capacity 8255K, committed 8320K, reserved 1048576K
Event: 11.757 GC heap after
Heap after GC invocations=16 (full 3):
 PSYoungGen      total 286720K, used 0K [0x00000000eb600000, 0x0000000100000000, 0x0000000100000000)
  eden space 268800K, 0% used [0x00000000eb600000,0x00000000eb600000,0x00000000fbc80000)
  from space 17920K, 0% used [0x00000000fbc80000,0x00000000fbc80000,0x00000000fce00000)
  to   space 17408K, 0% used [0x00000000fef00000,0x00000000fef00000,0x0000000100000000)
 ParOldGen       total 56832K, used 21130K [0x00000000c2200000, 0x00000000c5980000, 0x00000000eb600000)
  object space 56832K, 37% used [0x00000000c2200000,0x00000000c36a2950,0x00000000c5980000)
 Metaspace       used 55222K, capacity 58904K, committed 59028K, reserved 1099776K
  class space    used 7604K, capacity 8255K, committed 8320K, reserved 1048576K
}
Event: 2029.523 GC heap before
{Heap before GC invocations=17 (full 3):
 PSYoungGen      total 286720K, used 268800K [0x00000000eb600000, 0x0000000100000000, 0x0000000100000000)
  eden space 268800K, 100% used [0x00000000eb600000,0x00000000fbc80000,0x00000000fbc80000)
  from space 17920K, 0% used [0x00000000fbc80000,0x00000000fbc80000,0x00000000fce00000)
  to   space 17408K, 0% used [0x00000000fef00000,0x00000000fef00000,0x0000000100000000)
 ParOldGen       total 56832K, used 21130K [0x00000000c2200000, 0x00000000c5980000, 0x00000000eb600000)
  object space 56832K, 37% used [0x00000000c2200000,0x00000000c36a2950,0x00000000c5980000)
 Metaspace       used 61879K, capacity 65784K, committed 66008K, reserved 1105920K
  class space    used 8483K, capacity 9151K, committed 9216K, reserved 1048576K
Event: 2029.541 GC heap after
Heap after GC invocations=17 (full 3):
 PSYoungGen      total 319488K, used 9795K [0x00000000eb600000, 0x0000000100000000, 0x0000000100000000)
  eden space 302080K, 0% used [0x00000000eb600000,0x00000000eb600000,0x00000000fdd00000)
  from space 17408K, 56% used [0x00000000fef00000,0x00000000ff890d20,0x0000000100000000)
  to   space 17920K, 0% used [0x00000000fdd00000,0x00000000fdd00000,0x00000000fee80000)
 ParOldGen       total 56832K, used 21138K [0x00000000c2200000, 0x00000000c5980000, 0x00000000eb600000)
  object space 56832K, 37% used [0x00000000c2200000,0x00000000c36a4950,0x00000000c5980000)
 Metaspace       used 61879K, capacity 65784K, committed 66008K, reserved 1105920K
  class space    used 8483K, capacity 9151K, committed 9216K, reserved 1048576K
}
Event: 5664.589 GC heap before
{Heap before GC invocations=18 (full 3):
 PSYoungGen      total 319488K, used 311875K [0x00000000eb600000, 0x0000000100000000, 0x0000000100000000)
  eden space 302080K, 100% used [0x00000000eb600000,0x00000000fdd00000,0x00000000fdd00000)
  from space 17408K, 56% used [0x00000000fef00000,0x00000000ff890d20,0x0000000100000000)
  to   space 17920K, 0% used [0x00000000fdd00000,0x00000000fdd00000,0x00000000fee80000)
 ParOldGen       total 56832K, used 21138K [0x00000000c2200000, 0x00000000c5980000, 0x00000000eb600000)
  object space 56832K, 37% used [0x00000000c2200000,0x00000000c36a4950,0x00000000c5980000)
 Metaspace       used 61973K, capacity 65918K, committed 66264K, reserved 1105920K
  class space    used 8483K, capacity 9152K, committed 9216K, reserved 1048576K
Event: 5666.016 GC heap after
Heap after GC invocations=18 (full 3):
 PSYoungGen      total 320000K, used 1072K [0x00000000eb600000, 0x00000000fff80000, 0x0000000100000000)
  eden space 302080K, 0% used [0x00000000eb600000,0x00000000eb600000,0x00000000fdd00000)
  from space 17920K, 5% used [0x00000000fdd00000,0x00000000fde0c1d0,0x00000000fee80000)
  to   space 17408K, 0% used [0x00000000fee80000,0x00000000fee80000,0x00000000fff80000)
 ParOldGen       total 56832K, used 25372K [0x00000000c2200000, 0x00000000c5980000, 0x00000000eb600000)
  object space 56832K, 44% used [0x00000000c2200000,0x00000000c3ac7378,0x00000000c5980000)
 Metaspace       used 61973K, capacity 65918K, committed 66264K, reserved 1105920K
  class space    used 8483K, capacity 9152K, committed 9216K, reserved 1048576K
}
Event: 6925.676 GC heap before
{Heap before GC invocations=19 (full 3):
 PSYoungGen      total 320000K, used 122899K [0x00000000eb600000, 0x00000000fff80000, 0x0000000100000000)
  eden space 302080K, 40% used [0x00000000eb600000,0x00000000f2cf8bd0,0x00000000fdd00000)
  from space 17920K, 5% used [0x00000000fdd00000,0x00000000fde0c1d0,0x00000000fee80000)
  to   space 17408K, 0% used [0x00000000fee80000,0x00000000fee80000,0x00000000fff80000)
 ParOldGen       total 56832K, used 25372K [0x00000000c2200000, 0x00000000c5980000, 0x00000000eb600000)
  object space 56832K, 44% used [0x00000000c2200000,0x00000000c3ac7378,0x00000000c5980000)
 Metaspace       used 62067K, capacity 66046K, committed 66264K, reserved 1105920K
  class space    used 8502K, capacity 9167K, committed 9216K, reserved 1048576K
Event: 6925.892 GC heap after
Heap after GC invocations=19 (full 3):
 PSYoungGen      total 320000K, used 160K [0x00000000eb600000, 0x00000000fff80000, 0x0000000100000000)
  eden space 302592K, 0% used [0x00000000eb600000,0x00000000eb600000,0x00000000fdd80000)
  from space 17408K, 0% used [0x00000000fee80000,0x00000000feea8000,0x00000000fff80000)
  to   space 17408K, 0% used [0x00000000fdd80000,0x00000000fdd80000,0x00000000fee80000)
 ParOldGen       total 56832K, used 25821K [0x00000000c2200000, 0x00000000c5980000, 0x00000000eb600000)
  object space 56832K, 45% used [0x00000000c2200000,0x00000000c3b37418,0x00000000c5980000)
 Metaspace       used 62067K, capacity 66046K, committed 66264K, reserved 1105920K
  class space    used 8502K, capacity 9167K, committed 9216K, reserved 1048576K
}
Event: 6925.892 GC heap before
{Heap before GC invocations=20 (full 4):
 PSYoungGen      total 320000K, used 160K [0x00000000eb600000, 0x00000000fff80000, 0x0000000100000000)
  eden space 302592K, 0% used [0x00000000eb600000,0x00000000eb600000,0x00000000fdd80000)
  from space 17408K, 0% used [0x00000000fee80000,0x00000000feea8000,0x00000000fff80000)
  to   space 17408K, 0% used [0x00000000fdd80000,0x00000000fdd80000,0x00000000fee80000)
 ParOldGen       total 56832K, used 25821K [0x00000000c2200000, 0x00000000c5980000, 0x00000000eb600000)
  object space 56832K, 45% used [0x00000000c2200000,0x00000000c3b37418,0x00000000c5980000)
 Metaspace       used 62067K, capacity 66046K, committed 66264K, reserved 1105920K
  class space    used 8502K, capacity 9167K, committed 9216K, reserved 1048576K
Event: 6955.065 GC heap after
Heap after GC invocations=20 (full 4):
 PSYoungGen      total 320000K, used 0K [0x00000000eb600000, 0x00000000fff80000, 0x0000000100000000)
  eden space 302592K, 0% used [0x00000000eb600000,0x00000000eb600000,0x00000000fdd80000)
  from space 17408K, 0% used [0x00000000fee80000,0x00000000fee80000,0x00000000fff80000)
  to   space 17408K, 0% used [0x00000000fdd80000,0x00000000fdd80000,0x00000000fee80000)
 ParOldGen       total 56832K, used 18180K [0x00000000c2200000, 0x00000000c5980000, 0x00000000eb600000)
  object space 56832K, 31% used [0x00000000c2200000,0x00000000c33c1128,0x00000000c5980000)
 Metaspace       used 61935K, capacity 65834K, committed 66264K, reserved 1105920K
  class space    used 8478K, capacity 9123K, committed 9216K, reserved 1048576K
}

