# JRE version: Java(TM) SE Runtime Environment (8.0_291-b10) (build 1.8.0_291-b10)
# Java VM: Java HotSpot(TM) 64-Bit Server VM (25.291-b10 mixed mode windows-amd64 compressed oops)
Heap:
 PSYoungGen      total 68608K, used 25024K [0x00000000eb600000, 0x00000000f0100000, 0x0000000100000000)
  eden space 61952K, 31% used [0x00000000eb600000,0x00000000ec952fe8,0x00000000ef280000)
  from space 6656K, 78% used [0x00000000ef280000,0x00000000ef79d158,0x00000000ef900000)
  to   space 5120K, 0% used [0x00000000ef900000,0x00000000ef900000,0x00000000efe00000)
 ParOldGen       total 25600K, used 5966K [0x00000000c2200000, 0x00000000c3b00000, 0x00000000eb600000)
  object space 25600K, 23% used [0x00000000c2200000,0x00000000c27d3b78,0x00000000c3b00000)
 Metaspace       used 24291K, capacity 25670K, committed 25984K, reserved 1071104K
  class space    used 3089K, capacity 3381K, committed 3456K, reserved 1048576K
GC Heap History (10 events):
Event: 10.918 GC heap before
{Heap before GC invocations=6 (full 0):
 PSYoungGen      total 34304K, used 34277K [0x00000000eb600000, 0x00000000efe00000, 0x0000000100000000)
  eden space 31744K, 100% used [0x00000000eb600000,0x00000000ed500000,0x00000000ed500000)
  from space 2560K, 98% used [0x00000000ed500000,0x00000000ed779718,0x00000000ed780000)
  to   space 5120K, 0% used [0x00000000ef900000,0x00000000ef900000,0x00000000efe00000)
 ParOldGen       total 42496K, used 3407K [0x00000000c2200000, 0x00000000c4b80000, 0x00000000eb600000)
  object space 42496K, 8% used [0x00000000c2200000,0x00000000c2553d70,0x00000000c4b80000)
 Metaspace       used 14598K, capacity 15230K, committed 15360K, reserved 1062912K
  class space    used 1791K, capacity 1942K, committed 2048K, reserved 1048576K
Event: 10.933 GC heap after
Heap after GC invocations=6 (full 0):
 PSYoungGen      total 67072K, used 5115K [0x00000000eb600000, 0x00000000f0100000, 0x0000000100000000)
  eden space 61952K, 0% used [0x00000000eb600000,0x00000000eb600000,0x00000000ef280000)
  from space 5120K, 99% used [0x00000000ef900000,0x00000000efdfed98,0x00000000efe00000)
  to   space 6656K, 0% used [0x00000000ef280000,0x00000000ef280000,0x00000000ef900000)
 ParOldGen       total 42496K, used 4194K [0x00000000c2200000, 0x00000000c4b80000, 0x00000000eb600000)
  object space 42496K, 9% used [0x00000000c2200000,0x00000000c2618b00,0x00000000c4b80000)
 Metaspace       used 14598K, capacity 15230K, committed 15360K, reserved 1062912K
  class space    used 1791K, capacity 1942K, committed 2048K, reserved 1048576K
}
Event: 15.978 GC heap before
{Heap before GC invocations=7 (full 0):
 PSYoungGen      total 67072K, used 67037K [0x00000000eb600000, 0x00000000f0100000, 0x0000000100000000)
  eden space 61952K, 99% used [0x00000000eb600000,0x00000000ef2788c0,0x00000000ef280000)
  from space 5120K, 99% used [0x00000000ef900000,0x00000000efdfed98,0x00000000efe00000)
  to   space 6656K, 0% used [0x00000000ef280000,0x00000000ef280000,0x00000000ef900000)
 ParOldGen       total 42496K, used 4194K [0x00000000c2200000, 0x00000000c4b80000, 0x00000000eb600000)
  object space 42496K, 9% used [0x00000000c2200000,0x00000000c2618b00,0x00000000c4b80000)
 Metaspace       used 19723K, capacity 20622K, committed 20864K, reserved 1067008K
  class space    used 2472K, capacity 2674K, committed 2688K, reserved 1048576K
Event: 15.991 GC heap after
Heap after GC invocations=7 (full 0):
 PSYoungGen      total 68608K, used 6647K [0x00000000eb600000, 0x00000000f0100000, 0x0000000100000000)
  eden space 61952K, 0% used [0x00000000eb600000,0x00000000eb600000,0x00000000ef280000)
  from space 6656K, 99% used [0x00000000ef280000,0x00000000ef8fdf08,0x00000000ef900000)
  to   space 5120K, 0% used [0x00000000ef900000,0x00000000ef900000,0x00000000efe00000)
 ParOldGen       total 42496K, used 6825K [0x00000000c2200000, 0x00000000c4b80000, 0x00000000eb600000)
  object space 42496K, 16% used [0x00000000c2200000,0x00000000c28aa740,0x00000000c4b80000)
 Metaspace       used 19723K, capacity 20622K, committed 20864K, reserved 1067008K
  class space    used 2472K, capacity 2674K, committed 2688K, reserved 1048576K
}
Event: 17.773 GC heap before
{Heap before GC invocations=8 (full 0):
 PSYoungGen      total 68608K, used 42794K [0x00000000eb600000, 0x00000000f0100000, 0x0000000100000000)
  eden space 61952K, 58% used [0x00000000eb600000,0x00000000ed94cc28,0x00000000ef280000)
  from space 6656K, 99% used [0x00000000ef280000,0x00000000ef8fdf08,0x00000000ef900000)
  to   space 5120K, 0% used [0x00000000ef900000,0x00000000ef900000,0x00000000efe00000)
 ParOldGen       total 42496K, used 6825K [0x00000000c2200000, 0x00000000c4b80000, 0x00000000eb600000)
  object space 42496K, 16% used [0x00000000c2200000,0x00000000c28aa740,0x00000000c4b80000)
 Metaspace       used 20334K, capacity 21164K, committed 21248K, reserved 1067008K
  class space    used 2537K, capacity 2747K, committed 2816K, reserved 1048576K
Event: 17.782 GC heap after
Heap after GC invocations=8 (full 0):
 PSYoungGen      total 67072K, used 4172K [0x00000000eb600000, 0x00000000f0100000, 0x0000000100000000)
  eden space 61952K, 0% used [0x00000000eb600000,0x00000000eb600000,0x00000000ef280000)
  from space 5120K, 81% used [0x00000000ef900000,0x00000000efd13368,0x00000000efe00000)
  to   space 6656K, 0% used [0x00000000ef280000,0x00000000ef280000,0x00000000ef900000)
 ParOldGen       total 42496K, used 6825K [0x00000000c2200000, 0x00000000c4b80000, 0x00000000eb600000)
  object space 42496K, 16% used [0x00000000c2200000,0x00000000c28aa740,0x00000000c4b80000)
 Metaspace       used 20334K, capacity 21164K, committed 21248K, reserved 1067008K
  class space    used 2537K, capacity 2747K, committed 2816K, reserved 1048576K
}
Event: 17.782 GC heap before
{Heap before GC invocations=9 (full 1):
 PSYoungGen      total 67072K, used 4172K [0x00000000eb600000, 0x00000000f0100000, 0x0000000100000000)
  eden space 61952K, 0% used [0x00000000eb600000,0x00000000eb600000,0x00000000ef280000)
  from space 5120K, 81% used [0x00000000ef900000,0x00000000efd13368,0x00000000efe00000)
  to   space 6656K, 0% used [0x00000000ef280000,0x00000000ef280000,0x00000000ef900000)
 ParOldGen       total 42496K, used 6825K [0x00000000c2200000, 0x00000000c4b80000, 0x00000000eb600000)
  object space 42496K, 16% used [0x00000000c2200000,0x00000000c28aa740,0x00000000c4b80000)
 Metaspace       used 20334K, capacity 21164K, committed 21248K, reserved 1067008K
  class space    used 2537K, capacity 2747K, committed 2816K, reserved 1048576K
Event: 17.835 GC heap after
Heap after GC invocations=9 (full 1):
 PSYoungGen      total 67072K, used 0K [0x00000000eb600000, 0x00000000f0100000, 0x0000000100000000)
  eden space 61952K, 0% used [0x00000000eb600000,0x00000000eb600000,0x00000000ef280000)
  from space 5120K, 0% used [0x00000000ef900000,0x00000000ef900000,0x00000000efe00000)
  to   space 6656K, 0% used [0x00000000ef280000,0x00000000ef280000,0x00000000ef900000)
 ParOldGen       total 25600K, used 5958K [0x00000000c2200000, 0x00000000c3b00000, 0x00000000eb600000)
  object space 25600K, 23% used [0x00000000c2200000,0x00000000c27d1b78,0x00000000c3b00000)
 Metaspace       used 20334K, capacity 21164K, committed 21248K, reserved 1067008K
  class space    used 2537K, capacity 2747K, committed 2816K, reserved 1048576K
}
Event: 21.866 GC heap before
{Heap before GC invocations=10 (full 1):
 PSYoungGen      total 67072K, used 61952K [0x00000000eb600000, 0x00000000f0100000, 0x0000000100000000)
  eden space 61952K, 100% used [0x00000000eb600000,0x00000000ef280000,0x00000000ef280000)
  from space 5120K, 0% used [0x00000000ef900000,0x00000000ef900000,0x00000000efe00000)
  to   space 6656K, 0% used [0x00000000ef280000,0x00000000ef280000,0x00000000ef900000)
 ParOldGen       total 25600K, used 5958K [0x00000000c2200000, 0x00000000c3b00000, 0x00000000eb600000)
  object space 25600K, 23% used [0x00000000c2200000,0x00000000c27d1b78,0x00000000c3b00000)
 Metaspace       used 23178K, capacity 24444K, committed 24704K, reserved 1071104K
  class space    used 2916K, capacity 3190K, committed 3200K, reserved 1048576K
Event: 21.910 GC heap after
Heap after GC invocations=10 (full 1):
 PSYoungGen      total 68608K, used 5236K [0x00000000eb600000, 0x00000000f0100000, 0x0000000100000000)
  eden space 61952K, 0% used [0x00000000eb600000,0x00000000eb600000,0x00000000ef280000)
  from space 6656K, 78% used [0x00000000ef280000,0x00000000ef79d158,0x00000000ef900000)
  to   space 5120K, 0% used [0x00000000ef900000,0x00000000ef900000,0x00000000efe00000)
 ParOldGen       total 25600K, used 5966K [0x00000000c2200000, 0x00000000c3b00000, 0x00000000eb600000)
  object space 25600K, 23% used [0x00000000c2200000,0x00000000c27d3b78,0x00000000c3b00000)
 Metaspace       used 23178K, capacity 24444K, committed 24704K, reserved 1071104K
  class space    used 2916K, capacity 3190K, committed 3200K, reserved 1048576K
}

